<?xml version="1.0" encoding="UTF-8"?>
<testsuite xmlns:xsi="http://www.w3.org/2001/XMLSchema-instance" xsi:noNamespaceSchemaLocation="https://maven.apache.org/surefire/maven-surefire-plugin/xsd/surefire-test-report.xsd" name="runner.TestRunner" time="1.391" tests="1" errors="0" skipped="0" failures="1">
  <properties>
[...]
</properties>
  <testcase name="runScenario" classname="runner.TestRunner" time="0.147">
    <failure message="The step &apos;User is on the Tutorials Ninja home page&apos; and 10 other step(s) are undefined.&#10;You can implement these steps using the snippet(s) below:&#10;&#10;@Given(&quot;User is on the Tutorials Ninja home page&quot;)&#10;public void user_is_on_the_tutorials_ninja_home_page() {&#10;    // Write code here that turns the phrase above into concrete actions&#10;    throw new io.cucumber.java.PendingException();&#10;}&#10;@When(&quot;User navigates to the Registration page&quot;)&#10;public void user_navigates_to_the_registration_page() {&#10;    // Write code here that turns the phrase above into concrete actions&#10;    throw new io.cucumber.java.PendingException();&#10;}&#10;@When(&quot;User enters first name as {string}&quot;)&#10;public void user_enters_first_name_as(String string) {&#10;    // Write code here that turns the phrase above into concrete actions&#10;    throw new io.cucumber.java.PendingException();&#10;}&#10;@When(&quot;User enters last name as {string}&quot;)&#10;public void user_enters_last_name_as(String string) {&#10;    // Write code here that turns the phrase above into concrete actions&#10;    throw new io.cucumber.java.PendingException();&#10;}&#10;@When(&quot;User enters email as {string}&quot;)&#10;public void user_enters_email_as(String string) {&#10;    // Write code here that turns the phrase above into concrete actions&#10;    throw new io.cucumber.java.PendingException();&#10;}&#10;@When(&quot;User enters telephone as {string}&quot;)&#10;public void user_enters_telephone_as(String string) {&#10;    // Write code here that turns the phrase above into concrete actions&#10;    throw new io.cucumber.java.PendingException();&#10;}&#10;@When(&quot;User enters password as {string}&quot;)&#10;public void user_enters_password_as(String string) {&#10;    // Write code here that turns the phrase above into concrete actions&#10;    throw new io.cucumber.java.PendingException();&#10;}&#10;@When(&quot;User confirms the password as {string}&quot;)&#10;public void user_confirms_the_password_as(String string) {&#10;    // Write code here that turns the phrase above into concrete actions&#10;    throw new io.cucumber.java.PendingException();&#10;}&#10;@When(&quot;User agrees to the terms and conditions&quot;)&#10;public void user_agrees_to_the_terms_and_conditions() {&#10;    // Write code here that turns the phrase above into concrete actions&#10;    throw new io.cucumber.java.PendingException();&#10;}&#10;@Then(&quot;User clicks on the Continue button&quot;)&#10;public void user_clicks_on_the_continue_button() {&#10;    // Write code here that turns the phrase above into concrete actions&#10;    throw new io.cucumber.java.PendingException();&#10;}&#10;@Then(&quot;Registration should be successful&quot;)&#10;public void registration_should_be_successful() {&#10;    // Write code here that turns the phrase above into concrete actions&#10;    throw new io.cucumber.java.PendingException();&#10;}&#10;" type="io.cucumber.testng.UndefinedStepException">io.cucumber.testng.UndefinedStepException: 
The step 'User is on the Tutorials Ninja home page' and 10 other step(s) are undefined.
You can implement these steps using the snippet(s) below:

@Given("User is on the Tutorials Ninja home page")
public void user_is_on_the_tutorials_ninja_home_page() {
    // Write code here that turns the phrase above into concrete actions
    throw new io.cucumber.java.PendingException();
}
@When("User navigates to the Registration page")
public void user_navigates_to_the_registration_page() {
    // Write code here that turns the phrase above into concrete actions
    throw new io.cucumber.java.PendingException();
}
@When("User enters first name as {string}")
public void user_enters_first_name_as(String string) {
    // Write code here that turns the phrase above into concrete actions
    throw new io.cucumber.java.PendingException();
}
@When("User enters last name as {string}")
public void user_enters_last_name_as(String string) {
    // Write code here that turns the phrase above into concrete actions
    throw new io.cucumber.java.PendingException();
}
@When("User enters email as {string}")
public void user_enters_email_as(String string) {
    // Write code here that turns the phrase above into concrete actions
    throw new io.cucumber.java.PendingException();
}
@When("User enters telephone as {string}")
public void user_enters_telephone_as(String string) {
    // Write code here that turns the phrase above into concrete actions
    throw new io.cucumber.java.PendingException();
}
@When("User enters password as {string}")
public void user_enters_password_as(String string) {
    // Write code here that turns the phrase above into concrete actions
    throw new io.cucumber.java.PendingException();
}
@When("User confirms the password as {string}")
public void user_confirms_the_password_as(String string) {
    // Write code here that turns the phrase above into concrete actions
    throw new io.cucumber.java.PendingException();
}
@When("User agrees to the terms and conditions")
public void user_agrees_to_the_terms_and_conditions() {
    // Write code here that turns the phrase above into concrete actions
    throw new io.cucumber.java.PendingException();
}
@Then("User clicks on the Continue button")
public void user_clicks_on_the_continue_button() {
    // Write code here that turns the phrase above into concrete actions
    throw new io.cucumber.java.PendingException();
}
@Then("Registration should be successful")
public void registration_should_be_successful() {
    // Write code here that turns the phrase above into concrete actions
    throw new io.cucumber.java.PendingException();
}

</failure>
    <system-out><![CDATA[
Scenario: Register a new user with valid details               # src/test/resources/features/Register.feature:3
  Given User is on the Tutorials Ninja home page
  When User navigates to the Registration page
  And User enters first name as "Adeela"
  And User enters last name as "Bootcamp"
  And User enters email as "adeela_piitbootcamp2254@gmail.com"
  And User enters telephone as "473543210"
  And User enters password as "HybridF@123"
  And User confirms the password as "HybridF@123"
  And User agrees to the terms and conditions
  Then User clicks on the Continue button
  And Registration should be successful
]]></system-out>
    <system-err><![CDATA[SLF4J: Failed to load class "org.slf4j.impl.StaticLoggerBinder".
SLF4J: Defaulting to no-operation (NOP) logger implementation
SLF4J: See http://www.slf4j.org/codes.html#StaticLoggerBinder for further details.
]]></system-err>
  </testcase>
</testsuite>