<?xml version="1.0" encoding="UTF-8"?>
<testng-results ignored="0" total="1" passed="1" failed="0" skipped="0">
  <reporter-output>
  </reporter-output>
  <suite started-at="2024-08-29T23:18:47 EDT" name="Cucumber Test Suite" finished-at="2024-08-29T23:18:55 EDT" duration-ms="8422">
    <groups>
      <group name="cucumber">
        <method signature="AbstractTestNGCucumberTests.runScenario(io.cucumber.testng.PickleWrapper,io.cucumber.testng.FeatureWrapper)[pri:0, instance:com.Cucumber_Framework_Bootcamp_Q2_Tests.Runner@5965d37]" name="runScenario" class="io.cucumber.testng.AbstractTestNGCucumberTests"/>
      </group> <!-- cucumber -->
    </groups>
    <test started-at="2024-08-29T23:18:47 EDT" name="Cucumber Test" finished-at="2024-08-29T23:18:55 EDT" duration-ms="8422">
      <class name="com.Cucumber_Framework_Bootcamp_Q2_Tests.Runner">
        <test-method is-config="true" signature="setUpClass(org.testng.ITestContext)[pri:0, instance:com.Cucumber_Framework_Bootcamp_Q2_Tests.Runner@5965d37]" started-at="2024-08-29T23:18:47 EDT" name="setUpClass" finished-at="2024-08-29T23:18:47 EDT" duration-ms="396" status="PASS">
          <params>
            <param index="0">
              <value>
                <![CDATA[org.testng.TestRunner@6c7a164b]]>
              </value>
            </param>
          </params>
          <reporter-output>
          </reporter-output>
        </test-method> <!-- setUpClass -->
        <test-method signature="runScenario(io.cucumber.testng.PickleWrapper,io.cucumber.testng.FeatureWrapper)[pri:0, instance:com.Cucumber_Framework_Bootcamp_Q2_Tests.Runner@5965d37]" started-at="2024-08-29T23:18:47 EDT" name="runScenario" description="Runs Cucumber Scenarios" data-provider="scenarios" finished-at="2024-08-29T23:18:55 EDT" duration-ms="7932" status="PASS">
          <params>
            <param index="0">
              <value>
                <![CDATA["Register a new user with valid details"]]>
              </value>
            </param>
            <param index="1">
              <value>
                <![CDATA["User Registration on Tutorials Ninja"]]>
              </value>
            </param>
          </params>
          <reporter-output>
          </reporter-output>
        </test-method> <!-- runScenario -->
        <test-method is-config="true" signature="tearDownClass()[pri:0, instance:com.Cucumber_Framework_Bootcamp_Q2_Tests.Runner@5965d37]" started-at="2024-08-29T23:18:55 EDT" name="tearDownClass" finished-at="2024-08-29T23:18:55 EDT" duration-ms="58" status="PASS">
          <reporter-output>
          </reporter-output>
        </test-method> <!-- tearDownClass -->
      </class> <!-- com.Cucumber_Framework_Bootcamp_Q2_Tests.Runner -->
    </test> <!-- Cucumber Test -->
  </suite> <!-- Cucumber Test Suite -->
</testng-results>
